<?xml version="1.0" encoding="UTF-8"?>
<coverage generated="1555071003934" clover="3.2.0">
  <project timestamp="1555071003934" name="All files">
    <metrics statements="21" coveredstatements="19" conditionals="18" coveredconditionals="8" methods="7" coveredmethods="7" elements="46" coveredelements="34" complexity="0" loc="21" ncloc="21" packages="1" files="1" classes="1"/>
    <file name="index.js" path="/Users/ben/Documents/w/myproject/package/redux-aider/lib/index.js">
      <metrics statements="21" coveredstatements="19" conditionals="18" coveredconditionals="8" methods="7" coveredmethods="7"/>
      <line num="1" count="1" type="stmt"/>
      <line num="2" count="1" type="cond" truecount="3" falsecount="1"/>
      <line num="15" count="3" type="stmt"/>
      <line num="16" count="3" type="stmt"/>
      <line num="17" count="3" type="cond" truecount="1" falsecount="1"/>
      <line num="18" count="0" type="stmt"/>
      <line num="20" count="3" type="stmt"/>
      <line num="21" count="3" type="stmt"/>
      <line num="22" count="3" type="stmt"/>
      <line num="28" count="3" type="stmt"/>
      <line num="39" count="1" type="stmt"/>
      <line num="40" count="1" type="stmt"/>
      <line num="41" count="1" type="cond" truecount="1" falsecount="1"/>
      <line num="43" count="1" type="stmt"/>
      <line num="44" count="1" type="stmt"/>
      <line num="45" count="1" type="cond" truecount="3" falsecount="1"/>
      <line num="46" count="1" type="stmt"/>
      <line num="48" count="0" type="stmt"/>
      <line num="50" count="1" type="stmt"/>
      <line num="60" count="1" type="stmt"/>
      <line num="65" count="1" type="stmt"/>
    </file>
  </project>
</coverage>
