{"/Users/ben/Documents/w/myproject/package/redux-aider/lib/index.js": {"path":"/Users/ben/Documents/w/myproject/package/redux-aider/lib/index.js","statementMap":{"0":{"start":{"line":1,"column":0},"end":{"line":68,"column":4}},"1":{"start":{"line":2,"column":2},"end":{"line":4,"column":63}},"2":{"start":{"line":15,"column":22},"end":{"line":15,"column":24}},"3":{"start":{"line":16,"column":20},"end":{"line":16,"column":54}},"4":{"start":{"line":17,"column":6},"end":{"line":19,"column":7}},"5":{"start":{"line":18,"column":10},"end":{"line":18,"column":63}},"6":{"start":{"line":20,"column":6},"end":{"line":27,"column":9}},"7":{"start":{"line":21,"column":10},"end":{"line":26,"column":12}},"8":{"start":{"line":22,"column":14},"end":{"line":25,"column":16}},"9":{"start":{"line":28,"column":6},"end":{"line":28,"column":23}},"10":{"start":{"line":39,"column":20},"end":{"line":39,"column":22}},"11":{"start":{"line":40,"column":22},"end":{"line":40,"column":41}},"12":{"start":{"line":40,"column":57},"end":{"line":40,"column":78}},"13":{"start":{"line":40,"column":87},"end":{"line":40,"column":101}},"14":{"start":{"line":41,"column":6},"end":{"line":50,"column":8}},"15":{"start":{"line":42,"column":10},"end":{"line":42,"column":54}},"16":{"start":{"line":42,"column":34},"end":{"line":42,"column":52}},"17":{"start":{"line":44,"column":26},"end":{"line":44,"column":51}},"18":{"start":{"line":45,"column":21},"end":{"line":45,"column":46}},"19":{"start":{"line":46,"column":10},"end":{"line":48,"column":11}},"20":{"start":{"line":47,"column":14},"end":{"line":47,"column":54}},"21":{"start":{"line":49,"column":10},"end":{"line":49,"column":23}},"22":{"start":{"line":51,"column":6},"end":{"line":51,"column":21}},"23":{"start":{"line":61,"column":19},"end":{"line":64,"column":3}},"24":{"start":{"line":66,"column":2},"end":{"line":66,"column":20}}},"fnMap":{"0":{"name":"(anonymous_0)","decl":{"start":{"line":1,"column":1},"end":{"line":1,"column":2}},"loc":{"start":{"line":1,"column":28},"end":{"line":5,"column":1}},"line":1},"1":{"name":"(anonymous_1)","decl":{"start":{"line":5,"column":8},"end":{"line":5,"column":9}},"loc":{"start":{"line":5,"column":20},"end":{"line":68,"column":1}},"line":5},"2":{"name":"createAction","decl":{"start":{"line":14,"column":11},"end":{"line":14,"column":23}},"loc":{"start":{"line":14,"column":35},"end":{"line":29,"column":3}},"line":14},"3":{"name":"(anonymous_3)","decl":{"start":{"line":20,"column":22},"end":{"line":20,"column":23}},"loc":{"start":{"line":20,"column":38},"end":{"line":27,"column":7}},"line":20},"4":{"name":"(anonymous_4)","decl":{"start":{"line":21,"column":28},"end":{"line":21,"column":29}},"loc":{"start":{"line":21,"column":47},"end":{"line":26,"column":11}},"line":21},"5":{"name":"createReducer","decl":{"start":{"line":38,"column":11},"end":{"line":38,"column":24}},"loc":{"start":{"line":38,"column":36},"end":{"line":52,"column":3}},"line":38},"6":{"name":"(anonymous_6)","decl":{"start":{"line":41,"column":27},"end":{"line":41,"column":28}},"loc":{"start":{"line":41,"column":52},"end":{"line":50,"column":7}},"line":41}},"branchMap":{"0":{"loc":{"start":{"line":2,"column":2},"end":{"line":4,"column":62}},"type":"cond-expr","locations":[{"start":{"line":2,"column":65},"end":{"line":2,"column":91}},{"start":{"line":3,"column":2},"end":{"line":4,"column":62}}],"line":2},"1":{"loc":{"start":{"line":2,"column":2},"end":{"line":2,"column":62}},"type":"binary-expr","locations":[{"start":{"line":2,"column":2},"end":{"line":2,"column":29}},{"start":{"line":2,"column":33},"end":{"line":2,"column":62}}],"line":2},"2":{"loc":{"start":{"line":3,"column":2},"end":{"line":4,"column":62}},"type":"cond-expr","locations":[{"start":{"line":3,"column":47},"end":{"line":3,"column":62}},{"start":{"line":4,"column":3},"end":{"line":4,"column":61}}],"line":3},"3":{"loc":{"start":{"line":3,"column":2},"end":{"line":3,"column":44}},"type":"binary-expr","locations":[{"start":{"line":3,"column":2},"end":{"line":3,"column":30}},{"start":{"line":3,"column":34},"end":{"line":3,"column":44}}],"line":3},"4":{"loc":{"start":{"line":4,"column":12},"end":{"line":4,"column":26}},"type":"binary-expr","locations":[{"start":{"line":4,"column":12},"end":{"line":4,"column":18}},{"start":{"line":4,"column":22},"end":{"line":4,"column":26}}],"line":4},"5":{"loc":{"start":{"line":17,"column":6},"end":{"line":19,"column":7}},"type":"if","locations":[{"start":{"line":17,"column":6},"end":{"line":19,"column":7}},{"start":{"line":17,"column":6},"end":{"line":19,"column":7}}],"line":17},"6":{"loc":{"start":{"line":42,"column":10},"end":{"line":42,"column":54}},"type":"if","locations":[{"start":{"line":42,"column":10},"end":{"line":42,"column":54}},{"start":{"line":42,"column":10},"end":{"line":42,"column":54}}],"line":42},"7":{"loc":{"start":{"line":46,"column":10},"end":{"line":48,"column":11}},"type":"if","locations":[{"start":{"line":46,"column":10},"end":{"line":48,"column":11}},{"start":{"line":46,"column":10},"end":{"line":48,"column":11}}],"line":46},"8":{"loc":{"start":{"line":46,"column":14},"end":{"line":46,"column":91}},"type":"binary-expr","locations":[{"start":{"line":46,"column":14},"end":{"line":46,"column":32}},{"start":{"line":46,"column":36},"end":{"line":46,"column":91}}],"line":46}},"s":{"0":1,"1":1,"2":3,"3":3,"4":3,"5":0,"6":3,"7":3,"8":3,"9":3,"10":1,"11":1,"12":1,"13":1,"14":1,"15":1,"16":0,"17":1,"18":1,"19":1,"20":1,"21":0,"22":1,"23":1,"24":1},"f":{"0":1,"1":1,"2":3,"3":3,"4":3,"5":1,"6":1},"b":{"0":[1,0],"1":[1,1],"2":[0,0],"3":[0,0],"4":[0,0],"5":[0,3],"6":[0,1],"7":[1,0],"8":[1,1]},"_coverageSchema":"43e27e138ebf9cfc5966b082cf9a028302ed4184","hash":"f22952f822eb8ab79b3933fea0d1913f12153216"}
}
