{"/Users/ben/Documents/w/myproject/package/redux-aider/lib/index.js": {"path":"/Users/ben/Documents/w/myproject/package/redux-aider/lib/index.js","statementMap":{"0":{"start":{"line":1,"column":0},"end":{"line":101,"column":4}},"1":{"start":{"line":2,"column":2},"end":{"line":4,"column":63}},"2":{"start":{"line":15,"column":22},"end":{"line":15,"column":24}},"3":{"start":{"line":16,"column":20},"end":{"line":16,"column":54}},"4":{"start":{"line":17,"column":6},"end":{"line":19,"column":7}},"5":{"start":{"line":18,"column":10},"end":{"line":18,"column":63}},"6":{"start":{"line":20,"column":6},"end":{"line":27,"column":9}},"7":{"start":{"line":21,"column":10},"end":{"line":26,"column":12}},"8":{"start":{"line":22,"column":14},"end":{"line":25,"column":16}},"9":{"start":{"line":28,"column":6},"end":{"line":28,"column":23}},"10":{"start":{"line":39,"column":20},"end":{"line":39,"column":22}},"11":{"start":{"line":40,"column":22},"end":{"line":40,"column":41}},"12":{"start":{"line":40,"column":57},"end":{"line":40,"column":78}},"13":{"start":{"line":40,"column":87},"end":{"line":40,"column":101}},"14":{"start":{"line":41,"column":6},"end":{"line":50,"column":8}},"15":{"start":{"line":42,"column":10},"end":{"line":42,"column":54}},"16":{"start":{"line":42,"column":34},"end":{"line":42,"column":52}},"17":{"start":{"line":44,"column":26},"end":{"line":44,"column":51}},"18":{"start":{"line":45,"column":21},"end":{"line":45,"column":46}},"19":{"start":{"line":46,"column":10},"end":{"line":48,"column":11}},"20":{"start":{"line":47,"column":14},"end":{"line":47,"column":54}},"21":{"start":{"line":49,"column":10},"end":{"line":49,"column":23}},"22":{"start":{"line":51,"column":6},"end":{"line":51,"column":21}},"23":{"start":{"line":56,"column":23},"end":{"line":56,"column":25}},"24":{"start":{"line":57,"column":6},"end":{"line":60,"column":9}},"25":{"start":{"line":58,"column":21},"end":{"line":58,"column":44}},"26":{"start":{"line":59,"column":10},"end":{"line":59,"column":43}},"27":{"start":{"line":62,"column":24},"end":{"line":62,"column":47}},"28":{"start":{"line":63,"column":26},"end":{"line":63,"column":28}},"29":{"start":{"line":64,"column":6},"end":{"line":68,"column":9}},"30":{"start":{"line":65,"column":10},"end":{"line":67,"column":11}},"31":{"start":{"line":66,"column":14},"end":{"line":66,"column":49}},"32":{"start":{"line":69,"column":30},"end":{"line":69,"column":56}},"33":{"start":{"line":72,"column":22},"end":{"line":72,"column":27}},"34":{"start":{"line":73,"column":22},"end":{"line":73,"column":24}},"35":{"start":{"line":74,"column":6},"end":{"line":83,"column":8}},"36":{"start":{"line":75,"column":10},"end":{"line":75,"column":47}},"37":{"start":{"line":75,"column":34},"end":{"line":75,"column":45}},"38":{"start":{"line":76,"column":10},"end":{"line":81,"column":13}},"39":{"start":{"line":77,"column":34},"end":{"line":77,"column":44}},"40":{"start":{"line":78,"column":30},"end":{"line":78,"column":66}},"41":{"start":{"line":79,"column":14},"end":{"line":79,"column":41}},"42":{"start":{"line":80,"column":14},"end":{"line":80,"column":67}},"43":{"start":{"line":82,"column":10},"end":{"line":82,"column":47}},"44":{"start":{"line":93,"column":19},"end":{"line":97,"column":3}},"45":{"start":{"line":99,"column":2},"end":{"line":99,"column":20}}},"fnMap":{"0":{"name":"(anonymous_0)","decl":{"start":{"line":1,"column":1},"end":{"line":1,"column":2}},"loc":{"start":{"line":1,"column":28},"end":{"line":5,"column":1}},"line":1},"1":{"name":"(anonymous_1)","decl":{"start":{"line":5,"column":8},"end":{"line":5,"column":9}},"loc":{"start":{"line":5,"column":20},"end":{"line":101,"column":1}},"line":5},"2":{"name":"createAction","decl":{"start":{"line":14,"column":11},"end":{"line":14,"column":23}},"loc":{"start":{"line":14,"column":35},"end":{"line":29,"column":3}},"line":14},"3":{"name":"(anonymous_3)","decl":{"start":{"line":20,"column":22},"end":{"line":20,"column":23}},"loc":{"start":{"line":20,"column":38},"end":{"line":27,"column":7}},"line":20},"4":{"name":"(anonymous_4)","decl":{"start":{"line":21,"column":28},"end":{"line":21,"column":29}},"loc":{"start":{"line":21,"column":47},"end":{"line":26,"column":11}},"line":21},"5":{"name":"createReducer","decl":{"start":{"line":38,"column":11},"end":{"line":38,"column":24}},"loc":{"start":{"line":38,"column":36},"end":{"line":52,"column":3}},"line":38},"6":{"name":"(anonymous_6)","decl":{"start":{"line":41,"column":27},"end":{"line":41,"column":28}},"loc":{"start":{"line":41,"column":52},"end":{"line":50,"column":7}},"line":41},"7":{"name":"combindReducers","decl":{"start":{"line":54,"column":11},"end":{"line":54,"column":26}},"loc":{"start":{"line":54,"column":49},"end":{"line":84,"column":3}},"line":54},"8":{"name":"(anonymous_8)","decl":{"start":{"line":57,"column":21},"end":{"line":57,"column":22}},"loc":{"start":{"line":57,"column":40},"end":{"line":60,"column":7}},"line":57},"9":{"name":"(anonymous_9)","decl":{"start":{"line":64,"column":26},"end":{"line":64,"column":27}},"loc":{"start":{"line":64,"column":41},"end":{"line":68,"column":7}},"line":64},"10":{"name":"combind","decl":{"start":{"line":74,"column":22},"end":{"line":74,"column":29}},"loc":{"start":{"line":74,"column":45},"end":{"line":83,"column":7}},"line":74},"11":{"name":"(anonymous_11)","decl":{"start":{"line":76,"column":36},"end":{"line":76,"column":37}},"loc":{"start":{"line":76,"column":51},"end":{"line":81,"column":11}},"line":76}},"branchMap":{"0":{"loc":{"start":{"line":2,"column":2},"end":{"line":4,"column":62}},"type":"cond-expr","locations":[{"start":{"line":2,"column":65},"end":{"line":2,"column":91}},{"start":{"line":3,"column":2},"end":{"line":4,"column":62}}],"line":2},"1":{"loc":{"start":{"line":2,"column":2},"end":{"line":2,"column":62}},"type":"binary-expr","locations":[{"start":{"line":2,"column":2},"end":{"line":2,"column":29}},{"start":{"line":2,"column":33},"end":{"line":2,"column":62}}],"line":2},"2":{"loc":{"start":{"line":3,"column":2},"end":{"line":4,"column":62}},"type":"cond-expr","locations":[{"start":{"line":3,"column":47},"end":{"line":3,"column":62}},{"start":{"line":4,"column":3},"end":{"line":4,"column":61}}],"line":3},"3":{"loc":{"start":{"line":3,"column":2},"end":{"line":3,"column":44}},"type":"binary-expr","locations":[{"start":{"line":3,"column":2},"end":{"line":3,"column":30}},{"start":{"line":3,"column":34},"end":{"line":3,"column":44}}],"line":3},"4":{"loc":{"start":{"line":4,"column":12},"end":{"line":4,"column":26}},"type":"binary-expr","locations":[{"start":{"line":4,"column":12},"end":{"line":4,"column":18}},{"start":{"line":4,"column":22},"end":{"line":4,"column":26}}],"line":4},"5":{"loc":{"start":{"line":17,"column":6},"end":{"line":19,"column":7}},"type":"if","locations":[{"start":{"line":17,"column":6},"end":{"line":19,"column":7}},{"start":{"line":17,"column":6},"end":{"line":19,"column":7}}],"line":17},"6":{"loc":{"start":{"line":42,"column":10},"end":{"line":42,"column":54}},"type":"if","locations":[{"start":{"line":42,"column":10},"end":{"line":42,"column":54}},{"start":{"line":42,"column":10},"end":{"line":42,"column":54}}],"line":42},"7":{"loc":{"start":{"line":46,"column":10},"end":{"line":48,"column":11}},"type":"if","locations":[{"start":{"line":46,"column":10},"end":{"line":48,"column":11}},{"start":{"line":46,"column":10},"end":{"line":48,"column":11}}],"line":46},"8":{"loc":{"start":{"line":46,"column":14},"end":{"line":46,"column":91}},"type":"binary-expr","locations":[{"start":{"line":46,"column":14},"end":{"line":46,"column":32}},{"start":{"line":46,"column":36},"end":{"line":46,"column":91}}],"line":46},"9":{"loc":{"start":{"line":65,"column":10},"end":{"line":67,"column":11}},"type":"if","locations":[{"start":{"line":65,"column":10},"end":{"line":67,"column":11}},{"start":{"line":65,"column":10},"end":{"line":67,"column":11}}],"line":65},"10":{"loc":{"start":{"line":75,"column":10},"end":{"line":75,"column":47}},"type":"if","locations":[{"start":{"line":75,"column":10},"end":{"line":75,"column":47}},{"start":{"line":75,"column":10},"end":{"line":75,"column":47}}],"line":75},"11":{"loc":{"start":{"line":80,"column":26},"end":{"line":80,"column":66}},"type":"binary-expr","locations":[{"start":{"line":80,"column":26},"end":{"line":80,"column":35}},{"start":{"line":80,"column":39},"end":{"line":80,"column":66}}],"line":80},"12":{"loc":{"start":{"line":82,"column":17},"end":{"line":82,"column":46}},"type":"cond-expr","locations":[{"start":{"line":82,"column":29},"end":{"line":82,"column":38}},{"start":{"line":82,"column":41},"end":{"line":82,"column":46}}],"line":82}},"s":{"0":1,"1":1,"2":3,"3":3,"4":3,"5":0,"6":3,"7":3,"8":3,"9":3,"10":1,"11":1,"12":1,"13":1,"14":1,"15":1,"16":0,"17":1,"18":1,"19":1,"20":1,"21":0,"22":1,"23":0,"24":0,"25":0,"26":0,"27":0,"28":0,"29":0,"30":0,"31":0,"32":0,"33":0,"34":0,"35":0,"36":0,"37":0,"38":0,"39":0,"40":0,"41":0,"42":0,"43":0,"44":1,"45":1},"f":{"0":1,"1":1,"2":3,"3":3,"4":3,"5":1,"6":1,"7":0,"8":0,"9":0,"10":0,"11":0},"b":{"0":[1,0],"1":[1,1],"2":[0,0],"3":[0,0],"4":[0,0],"5":[0,3],"6":[0,1],"7":[1,0],"8":[1,1],"9":[0,0],"10":[0,0],"11":[0,0],"12":[0,0]},"_coverageSchema":"43e27e138ebf9cfc5966b082cf9a028302ed4184","hash":"e58faadf96dcb5c4f9c7c9d106f5e0e3f349a1e6"}
}
