TN:
SF:/Users/ben/Documents/w/myproject/package/redux-aider/lib/index.js
FN:1,(anonymous_0)
FN:5,(anonymous_1)
FN:14,createAction
FN:20,(anonymous_3)
FN:21,(anonymous_4)
FN:38,createReducer
FN:40,(anonymous_6)
FNF:7
FNH:7
FNDA:1,(anonymous_0)
FNDA:1,(anonymous_1)
FNDA:3,createAction
FNDA:3,(anonymous_3)
FNDA:3,(anonymous_4)
FNDA:1,createReducer
FNDA:1,(anonymous_6)
DA:1,1
DA:2,1
DA:15,3
DA:16,3
DA:17,3
DA:18,0
DA:20,3
DA:21,3
DA:22,3
DA:28,3
DA:39,1
DA:40,1
DA:41,1
DA:43,1
DA:44,1
DA:45,1
DA:46,1
DA:48,0
DA:50,1
DA:60,1
DA:65,1
LF:21
LH:19
BRDA:2,0,0,1
BRDA:2,0,1,0
BRDA:2,1,0,1
BRDA:2,1,1,1
BRDA:3,2,0,0
BRDA:3,2,1,0
BRDA:3,3,0,0
BRDA:3,3,1,0
BRDA:4,4,0,0
BRDA:4,4,1,0
BRDA:17,5,0,0
BRDA:17,5,1,3
BRDA:41,6,0,0
BRDA:41,6,1,1
BRDA:45,7,0,1
BRDA:45,7,1,0
BRDA:45,8,0,1
BRDA:45,8,1,1
BRF:18
BRH:8
end_of_record
