TN:
SF:/Users/ben/Documents/w/myproject/package/redux-aider/lib/index.js
FN:1,(anonymous_0)
FN:5,(anonymous_1)
FN:14,createAction
FN:20,(anonymous_3)
FN:21,(anonymous_4)
FN:38,createReducer
FN:41,(anonymous_6)
FN:54,combindReducers
FN:57,(anonymous_8)
FN:64,(anonymous_9)
FN:74,combind
FN:76,(anonymous_11)
FNF:12
FNH:7
FNDA:1,(anonymous_0)
FNDA:1,(anonymous_1)
FNDA:3,createAction
FNDA:3,(anonymous_3)
FNDA:3,(anonymous_4)
FNDA:1,createReducer
FNDA:1,(anonymous_6)
FNDA:0,combindReducers
FNDA:0,(anonymous_8)
FNDA:0,(anonymous_9)
FNDA:0,combind
FNDA:0,(anonymous_11)
DA:1,1
DA:2,1
DA:15,3
DA:16,3
DA:17,3
DA:18,0
DA:20,3
DA:21,3
DA:22,3
DA:28,3
DA:39,1
DA:40,1
DA:41,1
DA:42,1
DA:44,1
DA:45,1
DA:46,1
DA:47,1
DA:49,0
DA:51,1
DA:56,0
DA:57,0
DA:58,0
DA:59,0
DA:62,0
DA:63,0
DA:64,0
DA:65,0
DA:66,0
DA:69,0
DA:72,0
DA:73,0
DA:74,0
DA:75,0
DA:76,0
DA:77,0
DA:78,0
DA:79,0
DA:80,0
DA:82,0
DA:93,1
DA:99,1
LF:42
LH:20
BRDA:2,0,0,1
BRDA:2,0,1,0
BRDA:2,1,0,1
BRDA:2,1,1,1
BRDA:3,2,0,0
BRDA:3,2,1,0
BRDA:3,3,0,0
BRDA:3,3,1,0
BRDA:4,4,0,0
BRDA:4,4,1,0
BRDA:17,5,0,0
BRDA:17,5,1,3
BRDA:42,6,0,0
BRDA:42,6,1,1
BRDA:46,7,0,1
BRDA:46,7,1,0
BRDA:46,8,0,1
BRDA:46,8,1,1
BRDA:65,9,0,0
BRDA:65,9,1,0
BRDA:75,10,0,0
BRDA:75,10,1,0
BRDA:80,11,0,0
BRDA:80,11,1,0
BRDA:82,12,0,0
BRDA:82,12,1,0
BRF:26
BRH:8
end_of_record
